Log file open, 05/13/19 11:29:46
LogWindows: Failed to load 'aqProf.dll' (GetLastError=126)
LogWindows: File 'aqProf.dll' does not exist
LogWindows: Failed to load 'VtuneApi.dll' (GetLastError=126)
LogWindows: File 'VtuneApi.dll' does not exist
LogWindows: Failed to load 'VtuneApi32e.dll' (GetLastError=126)
LogWindows: File 'VtuneApi32e.dll' does not exist
LogConsoleResponse: Display: Failed to find resolution value strings in scalability ini. Falling back to default.
LogInit: Display: Running engine for game: MyProject
LogPakFile: Registered encryption key '00000000000000000000000000000000': 0 pak files mounted, 0 remain pending
LogPlatformFile: Not using cached read wrapper
LogTaskGraph: Started task graph with 5 named threads and 47 total threads with 3 sets of task threads.
LogStats: Stats thread started at 0.556952
LogD3D11RHI: Loaded GFSDK_Aftermath_Lib.x64.dll
LogICUInternationalization: ICU TimeZone Detection - Raw Offset: -8:00, Platform Override: ''
LogPluginManager: Mounting plugin Paper2D
LogPluginManager: Mounting plugin AISupport
LogPluginManager: Mounting plugin LightPropagationVolume
LogPluginManager: Mounting plugin ActorLayerUtilities
LogPluginManager: Mounting plugin AnimationSharing
LogPluginManager: Mounting plugin CLionSourceCodeAccess
LogPluginManager: Mounting plugin CodeLiteSourceCodeAccess
LogPluginManager: Mounting plugin GitSourceControl
LogPluginManager: Mounting plugin KDevelopSourceCodeAccess
LogPluginManager: Mounting plugin NullSourceCodeAccess
LogPluginManager: Mounting plugin PerforceSourceControl
LogPluginManager: Mounting plugin SubversionSourceControl
LogPluginManager: Mounting plugin UObjectPlugin
LogPluginManager: Mounting plugin VisualStudioCodeSourceCodeAccess
LogPluginManager: Mounting plugin VisualStudioSourceCodeAccess
LogPluginManager: Mounting plugin XCodeSourceCodeAccess
LogPluginManager: Mounting plugin AssetManagerEditor
LogPluginManager: Mounting plugin CryptoKeys
LogPluginManager: Mounting plugin DataValidation
LogPluginManager: Mounting plugin FacialAnimation
LogPluginManager: Mounting plugin GameplayTagsEditor
LogPluginManager: Mounting plugin MacGraphicsSwitching
LogPluginManager: Mounting plugin MaterialAnalyzer
LogPluginManager: Mounting plugin MobileLauncherProfileWizard
LogPluginManager: Mounting plugin PluginBrowser
LogPluginManager: Mounting plugin SpeedTreeImporter
LogPluginManager: Mounting plugin DatasmithContent
LogPluginManager: Mounting plugin VariantManagerContent
LogPluginManager: Mounting plugin AlembicImporter
LogPluginManager: Mounting plugin AppleImageUtils
LogPluginManager: Mounting plugin AppleVision
LogPluginManager: Mounting plugin BackChannel
LogPluginManager: Mounting plugin CharacterAI
LogPluginManager: Mounting plugin GeometryCache
LogPluginManager: Mounting plugin HTML5Networking
LogPluginManager: Mounting plugin ProxyLODPlugin
LogPluginManager: Mounting plugin SkeletalReduction
LogPluginManager: Mounting plugin MagicLeap
LogPluginManager: Mounting plugin MagicLeapMedia
LogPluginManager: Mounting plugin AndroidMedia
LogPluginManager: Mounting plugin AvfMedia
LogPluginManager: Mounting plugin ImgMedia
LogPluginManager: Mounting plugin LinearTimecode
LogPluginManager: Mounting plugin MediaCompositing
LogPluginManager: Mounting plugin MediaPlayerEditor
LogPluginManager: Mounting plugin WebMMedia
LogPluginManager: Mounting plugin WmfMedia
LogPluginManager: Mounting plugin TcpMessaging
LogPluginManager: Mounting plugin UdpMessaging
LogPluginManager: Mounting plugin ActorSequence
LogPluginManager: Mounting plugin LevelSequenceEditor
LogPluginManager: Mounting plugin MatineeToLevelSequence
LogPluginManager: Mounting plugin NetcodeUnitTest
LogPluginManager: Mounting plugin NUTUnrealEngine4
LogPluginManager: Mounting plugin OnlineSubsystemGooglePlay
LogPluginManager: Mounting plugin OnlineSubsystemIOS
LogPluginManager: Mounting plugin OnlineSubsystem
LogPluginManager: Mounting plugin OnlineSubsystemNull
LogPluginManager: Mounting plugin OnlineSubsystemUtils
LogPluginManager: Mounting plugin LauncherChunkInstaller
LogPluginManager: Mounting plugin AndroidDeviceProfileSelector
LogPluginManager: Mounting plugin AndroidMoviePlayer
LogPluginManager: Mounting plugin AndroidPermission
LogPluginManager: Mounting plugin AppleMoviePlayer
LogPluginManager: Mounting plugin ArchVisCharacter
LogPluginManager: Mounting plugin AudioCapture
LogPluginManager: Mounting plugin CableComponent
LogPluginManager: Mounting plugin CustomMeshComponent
LogPluginManager: Mounting plugin EditableMesh
LogPluginManager: Mounting plugin ExampleDeviceProfileSelector
LogPluginManager: Mounting plugin Firebase
LogPluginManager: Mounting plugin GoogleCloudMessaging
LogPluginManager: Mounting plugin IOSDeviceProfileSelector
LogPluginManager: Mounting plugin LinuxDeviceProfileSelector
LogPluginManager: Mounting plugin LocationServicesBPLibrary
LogPluginManager: Mounting plugin MobilePatchingUtils
LogPluginManager: Mounting plugin OculusVR
LogPluginManager: Mounting plugin PhysXVehicles
LogPluginManager: Mounting plugin ProceduralMeshComponent
LogPluginManager: Mounting plugin RuntimePhysXCooking
LogPluginManager: Mounting plugin SignificanceManager
LogPluginManager: Mounting plugin SteamVR
LogPluginManager: Mounting plugin WebMMoviePlayer
LogPluginManager: Mounting plugin WindowsMoviePlayer
LogInit: Using libcurl 7.55.1-DEV
LogInit:  - built for x86_64-pc-win32
LogInit:  - supports SSL with OpenSSL/1.1.1
LogInit:  - supports HTTP deflate (compression) using libz 1.2.8
LogInit:  - other features:
LogInit:      CURL_VERSION_SSL
LogInit:      CURL_VERSION_LIBZ
LogInit:      CURL_VERSION_IPV6
LogInit:      CURL_VERSION_ASYNCHDNS
LogInit:      CURL_VERSION_LARGEFILE
LogInit:      CURL_VERSION_IDN
LogInit:  CurlRequestOptions (configurable via config and command line):
LogInit:  - bVerifyPeer = true  - Libcurl will verify peer certificate
LogInit:  - bUseHttpProxy = false  - Libcurl will NOT use HTTP proxy
LogInit:  - bDontReuseConnections = false  - Libcurl will reuse connections
LogInit:  - MaxHostConnections = 16  - Libcurl will limit the number of connections to a host
LogInit:  - LocalHostAddr = Default
LogInit:  - BufferSize = 65536
LogInit: WinSock: version 1.1 (2.2), MaxSocks=32767, MaxUdp=65467
LogInit: Build: ++UE4+Release-4.22-CL-6063286
LogInit: Engine Version: 4.22.1-6063286+++UE4+Release-4.22
LogInit: Compatible Engine Version: 4.22.0-5660361+++UE4+Release-4.22
LogInit: Net CL: 5660361
LogInit: OS: Windows 10 (Release 1803) (), CPU: AMD Ryzen 7 1700X Eight-Core Processor         , GPU: NVIDIA GeForce GTX 1060 6GB
LogInit: Compiled (64-bit): Apr 24 2019 04:36:48
LogInit: Compiled with Visual C++: 19.16.27025.01
LogInit: Build Configuration: Development
LogInit: Branch Name: ++UE4+Release-4.22
LogInit: Command Line:  -EpicPortal -epicusername=Applemunchiesss -epicuserid=c95e1f93b3d64b079e4e9449f28fde9d -epiclocale=en-US
LogInit: Base Directory: D:/UE_4.22/Engine/Binaries/Win64/
LogInit: Installed Engine Build: 1
LogDevObjectVersion: Number of dev versions registered: 23
LogDevObjectVersion:   Dev-Blueprints (B0D832E4-1F89-4F0D-ACCF-7EB736FD4AA2): 10
LogDevObjectVersion:   Dev-Build (E1C64328-A22C-4D53-A36C-8E866417BD8C): 0
LogDevObjectVersion:   Dev-Core (375EC13C-06E4-48FB-B500-84F0262A717E): 3
LogDevObjectVersion:   Dev-Editor (E4B068ED-F494-42E9-A231-DA0B2E46BB41): 30
LogDevObjectVersion:   Dev-Framework (CFFC743F-43B0-4480-9391-14DF171D2073): 35
LogDevObjectVersion:   Dev-Mobile (B02B49B5-BB20-44E9-A304-32B752E40360): 2
LogDevObjectVersion:   Dev-Networking (A4E4105C-59A1-49B5-A7C5-40C4547EDFEE): 0
LogDevObjectVersion:   Dev-Online (39C831C9-5AE6-47DC-9A44-9C173E1C8E7C): 0
LogDevObjectVersion:   Dev-Physics (78F01B33-EBEA-4F98-B9B4-84EACCB95AA2): 0
LogDevObjectVersion:   Dev-Platform (6631380F-2D4D-43E0-8009-CF276956A95A): 0
LogDevObjectVersion:   Dev-Rendering (12F88B9F-8875-4AFC-A67C-D90C383ABD29): 28
LogDevObjectVersion:   Dev-Sequencer (7B5AE74C-D270-4C10-A958-57980B212A5A): 11
LogDevObjectVersion:   Dev-VR (D7296918-1DD6-4BDD-9DE2-64A83CC13884): 2
LogDevObjectVersion:   Dev-LoadTimes (C2A15278-BFE7-4AFE-6C17-90FF531DF755): 1
LogDevObjectVersion:   Private-Geometry (6EACA3D4-40EC-4CC1-B786-8BED09428FC5): 3
LogDevObjectVersion:   Dev-AnimPhys (29E575DD-E0A3-4627-9D10-D276232CDCEA): 17
LogDevObjectVersion:   Dev-Anim (AF43A65D-7FD3-4947-9873-3E8ED9C1BB05): 2
LogDevObjectVersion:   Dev-ReflectionCapture (6B266CEC-1EC7-4B8F-A30B-E4D90942FC07): 1
LogDevObjectVersion:   Dev-Automation (0DF73D61-A23F-47EA-B727-89E90C41499A): 1
LogDevObjectVersion:   FortniteMain (601D1886-AC64-4F84-AA16-D3DE0DEAC7D6): 25
LogDevObjectVersion:   Dev-Enterprise (9DFFBCD6-494F-0158-E221-12823C92A888): 6
LogDevObjectVersion:   Dev-Niagara (F2AED0AC-9AFE-416F-8664-AA7FFA26D6FC): 1
LogDevObjectVersion:   Dev-Destruction (174F1F0B-B4C6-45A5-B13F-2EE8D0FB917D): 2
LogInit: Presizing for max 16777216 objects, including 0 objects not considered by GC, pre-allocating 0 bytes for permanent pool.
LogInit: Object subsystem initialized
LogConfig: Setting CVar [[con.DebugEarlyDefault:1]]
LogConfig: Setting CVar [[r.setres:1280x720]]
[2019.05.13-18.29.46:348][  0]LogConfig: Setting CVar [[r.VSync:0]]
[2019.05.13-18.29.46:348][  0]LogConfig: Setting CVar [[r.RHICmdBypass:0]]
[2019.05.13-18.29.46:348][  0]LogConfig: Applying CVar settings from Section [/Script/Engine.RendererSettings] File [D:/Unreal Project Github/UnrealProject/MyProject/Saved/Config/Windows/Engine.ini]
[2019.05.13-18.29.46:348][  0]LogConfig: Setting CVar [[r.GPUCrashDebugging:0]]
[2019.05.13-18.29.46:348][  0]LogConfig: Applying CVar settings from Section [/Script/Engine.RendererOverrideSettings] File [D:/Unreal Project Github/UnrealProject/MyProject/Saved/Config/Windows/Engine.ini]
[2019.05.13-18.29.46:348][  0]LogConfig: Applying CVar settings from Section [/Script/Engine.StreamingSettings] File [D:/Unreal Project Github/UnrealProject/MyProject/Saved/Config/Windows/Engine.ini]
[2019.05.13-18.29.46:348][  0]LogConfig: Setting CVar [[s.MinBulkDataSizeForAsyncLoading:131072]]
[2019.05.13-18.29.46:348][  0]LogConfig: Setting CVar [[s.AsyncLoadingThreadEnabled:0]]
[2019.05.13-18.29.46:348][  0]LogConfig: Setting CVar [[s.EventDrivenLoaderEnabled:1]]
[2019.05.13-18.29.46:348][  0]LogConfig: Setting CVar [[s.WarnIfTimeLimitExceeded:0]]
[2019.05.13-18.29.46:348][  0]LogConfig: Setting CVar [[s.TimeLimitExceededMultiplier:1.5]]
[2019.05.13-18.29.46:348][  0]LogConfig: Setting CVar [[s.TimeLimitExceededMinTime:0.005]]
[2019.05.13-18.29.46:348][  0]LogConfig: Setting CVar [[s.UseBackgroundLevelStreaming:1]]
[2019.05.13-18.29.46:348][  0]LogConfig: Setting CVar [[s.PriorityAsyncLoadingExtraTime:15.0]]
[2019.05.13-18.29.46:348][  0]LogConfig: Setting CVar [[s.LevelStreamingActorsUpdateTimeLimit:5.0]]
[2019.05.13-18.29.46:348][  0]LogConfig: Setting CVar [[s.PriorityLevelStreamingActorsUpdateExtraTime:5.0]]
[2019.05.13-18.29.46:348][  0]LogConfig: Setting CVar [[s.LevelStreamingComponentsRegistrationGranularity:10]]
[2019.05.13-18.29.46:349][  0]LogConfig: Setting CVar [[s.UnregisterComponentsTimeLimit:1.0]]
[2019.05.13-18.29.46:349][  0]LogConfig: Setting CVar [[s.LevelStreamingComponentsUnregistrationGranularity:5]]
[2019.05.13-18.29.46:349][  0]LogConfig: Applying CVar settings from Section [/Script/Engine.GarbageCollectionSettings] File [D:/Unreal Project Github/UnrealProject/MyProject/Saved/Config/Windows/Engine.ini]
[2019.05.13-18.29.46:349][  0]LogConfig: Setting CVar [[gc.MaxObjectsNotConsideredByGC:1]]
[2019.05.13-18.29.46:349][  0]LogConfig: Setting CVar [[gc.SizeOfPermanentObjectPool:0]]
[2019.05.13-18.29.46:349][  0]LogConfig: Setting CVar [[gc.FlushStreamingOnGC:0]]
[2019.05.13-18.29.46:349][  0]LogConfig: Setting CVar [[gc.NumRetriesBeforeForcingGC:10]]
[2019.05.13-18.29.46:349][  0]LogConfig: Setting CVar [[gc.AllowParallelGC:1]]
[2019.05.13-18.29.46:349][  0]LogConfig: Setting CVar [[gc.TimeBetweenPurgingPendingKillObjects:61.1]]
[2019.05.13-18.29.46:349][  0]LogConfig: Setting CVar [[gc.MaxObjectsInEditor:16777216]]
[2019.05.13-18.29.46:349][  0]LogConfig: Setting CVar [[gc.IncrementalBeginDestroyEnabled:1]]
[2019.05.13-18.29.46:349][  0]LogConfig: Setting CVar [[gc.CreateGCClusters:1]]
[2019.05.13-18.29.46:349][  0]LogConfig: Setting CVar [[gc.MinGCClusterSize:5]]
[2019.05.13-18.29.46:349][  0]LogConfig: Setting CVar [[gc.ActorClusteringEnabled:0]]
[2019.05.13-18.29.46:349][  0]LogConfig: Setting CVar [[gc.BlueprintClusteringEnabled:0]]
[2019.05.13-18.29.46:349][  0]LogConfig: Setting CVar [[gc.UseDisregardForGCOnDedicatedServers:0]]
[2019.05.13-18.29.46:349][  0]LogConfig: Applying CVar settings from Section [/Script/Engine.NetworkSettings] File [D:/Unreal Project Github/UnrealProject/MyProject/Saved/Config/Windows/Engine.ini]
[2019.05.13-18.29.46:349][  0]LogConfig: Applying CVar settings from Section [/Script/UnrealEd.CookerSettings] File [D:/Unreal Project Github/UnrealProject/MyProject/Saved/Config/Windows/Engine.ini]
[2019.05.13-18.29.46:354][  0]LogConfig: Applying CVar settings from Section [ViewDistanceQuality@3] File [D:/Unreal Project Github/UnrealProject/MyProject/Saved/Config/Windows/Scalability.ini]
[2019.05.13-18.29.46:354][  0]LogConfig: Setting CVar [[r.SkeletalMeshLODBias:0]]
[2019.05.13-18.29.46:354][  0]LogConfig: Setting CVar [[r.ViewDistanceScale:1.0]]
[2019.05.13-18.29.46:354][  0]LogConfig: Applying CVar settings from Section [AntiAliasingQuality@3] File [D:/Unreal Project Github/UnrealProject/MyProject/Saved/Config/Windows/Scalability.ini]
[2019.05.13-18.29.46:354][  0]LogConfig: Setting CVar [[r.PostProcessAAQuality:4]]
[2019.05.13-18.29.46:354][  0]LogConfig: Applying CVar settings from Section [ShadowQuality@3] File [D:/Unreal Project Github/UnrealProject/MyProject/Saved/Config/Windows/Scalability.ini]
[2019.05.13-18.29.46:354][  0]LogConfig: Setting CVar [[r.LightFunctionQuality:1]]
[2019.05.13-18.29.46:354][  0]LogConfig: Setting CVar [[r.ShadowQuality:5]]
[2019.05.13-18.29.46:354][  0]LogConfig: Setting CVar [[r.Shadow.CSM.MaxCascades:10]]
[2019.05.13-18.29.46:354][  0]LogConfig: Setting CVar [[r.Shadow.MaxResolution:2048]]
[2019.05.13-18.29.46:354][  0]LogConfig: Setting CVar [[r.Shadow.MaxCSMResolution:2048]]
[2019.05.13-18.29.46:354][  0]LogConfig: Setting CVar [[r.Shadow.RadiusThreshold:0.01]]
[2019.05.13-18.29.46:354][  0]LogConfig: Setting CVar [[r.Shadow.DistanceScale:1.0]]
[2019.05.13-18.29.46:354][  0]LogConfig: Setting CVar [[r.Shadow.CSM.TransitionScale:1.0]]
[2019.05.13-18.29.46:354][  0]LogConfig: Setting CVar [[r.Shadow.PreShadowResolutionFactor:1.0]]
[2019.05.13-18.29.46:354][  0]LogConfig: Setting CVar [[r.DistanceFieldShadowing:1]]
[2019.05.13-18.29.46:354][  0]LogConfig: Setting CVar [[r.DistanceFieldAO:1]]
[2019.05.13-18.29.46:354][  0]LogConfig: Setting CVar [[r.AOQuality:2]]
[2019.05.13-18.29.46:354][  0]LogConfig: Setting CVar [[r.VolumetricFog:1]]
[2019.05.13-18.29.46:354][  0]LogConfig: Setting CVar [[r.VolumetricFog.GridPixelSize:8]]
[2019.05.13-18.29.46:354][  0]LogConfig: Setting CVar [[r.VolumetricFog.GridSizeZ:128]]
[2019.05.13-18.29.46:354][  0]LogConfig: Setting CVar [[r.VolumetricFog.HistoryMissSupersampleCount:4]]
[2019.05.13-18.29.46:354][  0]LogConfig: Setting CVar [[r.LightMaxDrawDistanceScale:1]]
[2019.05.13-18.29.46:354][  0]LogConfig: Setting CVar [[r.CapsuleShadows:1]]
[2019.05.13-18.29.46:354][  0]LogConfig: Applying CVar settings from Section [PostProcessQuality@3] File [D:/Unreal Project Github/UnrealProject/MyProject/Saved/Config/Windows/Scalability.ini]
[2019.05.13-18.29.46:354][  0]LogConfig: Setting CVar [[r.MotionBlurQuality:4]]
[2019.05.13-18.29.46:354][  0]LogConfig: Setting CVar [[r.AmbientOcclusionMipLevelFactor:0.4]]
[2019.05.13-18.29.46:354][  0]LogConfig: Setting CVar [[r.AmbientOcclusionMaxQuality:100]]
[2019.05.13-18.29.46:354][  0]LogConfig: Setting CVar [[r.AmbientOcclusionLevels:-1]]
[2019.05.13-18.29.46:354][  0]LogConfig: Setting CVar [[r.AmbientOcclusionRadiusScale:1.0]]
[2019.05.13-18.29.46:354][  0]LogConfig: Setting CVar [[r.DepthOfFieldQuality:2]]
[2019.05.13-18.29.46:354][  0]LogConfig: Setting CVar [[r.RenderTargetPoolMin:400]]
[2019.05.13-18.29.46:354][  0]LogConfig: Setting CVar [[r.LensFlareQuality:2]]
[2019.05.13-18.29.46:354][  0]LogConfig: Setting CVar [[r.SceneColorFringeQuality:1]]
[2019.05.13-18.29.46:354][  0]LogConfig: Setting CVar [[r.EyeAdaptationQuality:2]]
[2019.05.13-18.29.46:354][  0]LogConfig: Setting CVar [[r.BloomQuality:5]]
[2019.05.13-18.29.46:354][  0]LogConfig: Setting CVar [[r.FastBlurThreshold:100]]
[2019.05.13-18.29.46:354][  0]LogConfig: Setting CVar [[r.Upscale.Quality:3]]
[2019.05.13-18.29.46:354][  0]LogConfig: Setting CVar [[r.Tonemapper.GrainQuantization:1]]
[2019.05.13-18.29.46:354][  0]LogConfig: Setting CVar [[r.LightShaftQuality:1]]
[2019.05.13-18.29.46:355][  0]LogConfig: Setting CVar [[r.Filter.SizeScale:1]]
[2019.05.13-18.29.46:355][  0]LogConfig: Setting CVar [[r.Tonemapper.Quality:5]]
[2019.05.13-18.29.46:355][  0]LogConfig: Setting CVar [[r.DOF.Gather.AccumulatorQuality:1        ; higher gathering accumulator quality]]
[2019.05.13-18.29.46:355][  0]LogConfig: Setting CVar [[r.DOF.Gather.PostfilterMethod:1          ; Median3x3 postfilering method]]
[2019.05.13-18.29.46:355][  0]LogConfig: Setting CVar [[r.DOF.Gather.EnableBokehSettings:0       ; no bokeh simulation when gathering]]
[2019.05.13-18.29.46:355][  0]LogConfig: Setting CVar [[r.DOF.Gather.RingCount:4                 ; medium number of samples when gathering]]
[2019.05.13-18.29.46:355][  0]LogConfig: Setting CVar [[r.DOF.Scatter.ForegroundCompositing:1    ; additive foreground scattering]]
[2019.05.13-18.29.46:355][  0]LogConfig: Setting CVar [[r.DOF.Scatter.BackgroundCompositing:2    ; additive background scattering]]
[2019.05.13-18.29.46:355][  0]LogConfig: Setting CVar [[r.DOF.Scatter.EnableBokehSettings:1      ; bokeh simulation when scattering]]
[2019.05.13-18.29.46:355][  0]LogConfig: Setting CVar [[r.DOF.Scatter.MaxSpriteRatio:0.1         ; only a maximum of 10% of scattered bokeh]]
[2019.05.13-18.29.46:355][  0]LogConfig: Setting CVar [[r.DOF.Recombine.Quality:1                ; cheap slight out of focus]]
[2019.05.13-18.29.46:355][  0]LogConfig: Setting CVar [[r.DOF.Recombine.EnableBokehSettings:0    ; no bokeh simulation on slight out of focus]]
[2019.05.13-18.29.46:355][  0]LogConfig: Setting CVar [[r.DOF.TemporalAAQuality:1                ; more stable temporal accumulation]]
[2019.05.13-18.29.46:355][  0]LogConfig: Setting CVar [[r.DOF.Kernel.MaxForegroundRadius:0.025]]
[2019.05.13-18.29.46:355][  0]LogConfig: Setting CVar [[r.DOF.Kernel.MaxBackgroundRadius:0.025]]
[2019.05.13-18.29.46:355][  0]LogConfig: Applying CVar settings from Section [TextureQuality@3] File [D:/Unreal Project Github/UnrealProject/MyProject/Saved/Config/Windows/Scalability.ini]
[2019.05.13-18.29.46:355][  0]LogConfig: Setting CVar [[r.Streaming.MipBias:0]]
[2019.05.13-18.29.46:355][  0]LogConfig: Setting CVar [[r.Streaming.AmortizeCPUToGPUCopy:0]]
[2019.05.13-18.29.46:355][  0]LogConfig: Setting CVar [[r.Streaming.MaxNumTexturesToStreamPerFrame:0]]
[2019.05.13-18.29.46:355][  0]LogConfig: Setting CVar [[r.Streaming.Boost:1]]
[2019.05.13-18.29.46:355][  0]LogConfig: Setting CVar [[r.MaxAnisotropy:8]]
[2019.05.13-18.29.46:355][  0]LogConfig: Setting CVar [[r.Streaming.LimitPoolSizeToVRAM:0]]
[2019.05.13-18.29.46:355][  0]LogConfig: Setting CVar [[r.Streaming.PoolSize:1000]]
[2019.05.13-18.29.46:355][  0]LogConfig: Setting CVar [[r.Streaming.MaxEffectiveScreenSize:0]]
[2019.05.13-18.29.46:355][  0]LogConfig: Applying CVar settings from Section [EffectsQuality@3] File [D:/Unreal Project Github/UnrealProject/MyProject/Saved/Config/Windows/Scalability.ini]
[2019.05.13-18.29.46:355][  0]LogConfig: Setting CVar [[r.TranslucencyLightingVolumeDim:64]]
[2019.05.13-18.29.46:355][  0]LogConfig: Setting CVar [[r.RefractionQuality:2]]
[2019.05.13-18.29.46:355][  0]LogConfig: Setting CVar [[r.SSR.Quality:3]]
[2019.05.13-18.29.46:355][  0]LogConfig: Setting CVar [[r.SceneColorFormat:4]]
[2019.05.13-18.29.46:355][  0]LogConfig: Setting CVar [[r.DetailMode:2]]
[2019.05.13-18.29.46:355][  0]LogConfig: Setting CVar [[r.TranslucencyVolumeBlur:1]]
[2019.05.13-18.29.46:355][  0]LogConfig: Setting CVar [[r.MaterialQualityLevel:1 ; High quality]]
[2019.05.13-18.29.46:355][  0]LogConfig: Setting CVar [[r.SSS.Scale:1]]
[2019.05.13-18.29.46:355][  0]LogConfig: Setting CVar [[r.SSS.SampleSet:2]]
[2019.05.13-18.29.46:355][  0]LogConfig: Setting CVar [[r.SSS.Quality:1]]
[2019.05.13-18.29.46:355][  0]LogConfig: Setting CVar [[r.SSS.HalfRes:1]]
[2019.05.13-18.29.46:355][  0]LogConfig: Setting CVar [[r.EmitterSpawnRateScale:1.0]]
[2019.05.13-18.29.46:355][  0]LogConfig: Setting CVar [[r.ParticleLightQuality:2]]
[2019.05.13-18.29.46:355][  0]LogConfig: Applying CVar settings from Section [FoliageQuality@3] File [D:/Unreal Project Github/UnrealProject/MyProject/Saved/Config/Windows/Scalability.ini]
[2019.05.13-18.29.46:355][  0]LogConfig: Setting CVar [[foliage.DensityScale:1.0]]
[2019.05.13-18.29.46:355][  0]LogConfig: Setting CVar [[grass.DensityScale:1.0]]
[2019.05.13-18.29.46:355][  0]LogInit: Selected Device Profile: [Windows]
[2019.05.13-18.29.46:355][  0]LogInit: Applying CVar settings loaded from the selected device profile: [Windows]
[2019.05.13-18.29.46:374][  0]LogHAL: Display: Platform has ~ 16 GB [17129644032 / 17179869184 / 16], which maps to Larger [LargestMinGB=32, LargerMinGB=12, DefaultMinGB=8, SmallerMinGB=6, SmallestMinGB=0)
[2019.05.13-18.29.46:374][  0]LogConfig: Setting CVar [[r.Vulkan.UseRealUBs:0		; Required until we fix HLR fall-out]]
[2019.05.13-18.29.46:374][  0]LogInit: Going up to parent DeviceProfile []
[2019.05.13-18.29.46:374][  0]LogConfig: Applying CVar settings from Section [ViewDistanceQuality@3] File [D:/Unreal Project Github/UnrealProject/MyProject/Saved/Config/Windows/Scalability.ini]
[2019.05.13-18.29.46:374][  0]LogConfig: Setting CVar [[r.SkeletalMeshLODBias:0]]
[2019.05.13-18.29.46:374][  0]LogConfig: Setting CVar [[r.ViewDistanceScale:1.0]]
[2019.05.13-18.29.46:374][  0]LogConfig: Applying CVar settings from Section [AntiAliasingQuality@3] File [D:/Unreal Project Github/UnrealProject/MyProject/Saved/Config/Windows/Scalability.ini]
[2019.05.13-18.29.46:374][  0]LogConfig: Setting CVar [[r.PostProcessAAQuality:4]]
[2019.05.13-18.29.46:374][  0]LogConfig: Applying CVar settings from Section [ShadowQuality@3] File [D:/Unreal Project Github/UnrealProject/MyProject/Saved/Config/Windows/Scalability.ini]
[2019.05.13-18.29.46:374][  0]LogConfig: Setting CVar [[r.LightFunctionQuality:1]]
[2019.05.13-18.29.46:374][  0]LogConfig: Setting CVar [[r.ShadowQuality:5]]
[2019.05.13-18.29.46:374][  0]LogConfig: Setting CVar [[r.Shadow.CSM.MaxCascades:10]]
[2019.05.13-18.29.46:374][  0]LogConfig: Setting CVar [[r.Shadow.MaxResolution:2048]]
[2019.05.13-18.29.46:374][  0]LogConfig: Setting CVar [[r.Shadow.MaxCSMResolution:2048]]
[2019.05.13-18.29.46:374][  0]LogConfig: Setting CVar [[r.Shadow.RadiusThreshold:0.01]]
[2019.05.13-18.29.46:374][  0]LogConfig: Setting CVar [[r.Shadow.DistanceScale:1.0]]
[2019.05.13-18.29.46:374][  0]LogConfig: Setting CVar [[r.Shadow.CSM.TransitionScale:1.0]]
[2019.05.13-18.29.46:374][  0]LogConfig: Setting CVar [[r.Shadow.PreShadowResolutionFactor:1.0]]
[2019.05.13-18.29.46:374][  0]LogConfig: Setting CVar [[r.DistanceFieldShadowing:1]]
[2019.05.13-18.29.46:374][  0]LogConfig: Setting CVar [[r.DistanceFieldAO:1]]
[2019.05.13-18.29.46:374][  0]LogConfig: Setting CVar [[r.AOQuality:2]]
[2019.05.13-18.29.46:374][  0]LogConfig: Setting CVar [[r.VolumetricFog:1]]
[2019.05.13-18.29.46:374][  0]LogConfig: Setting CVar [[r.VolumetricFog.GridPixelSize:8]]
[2019.05.13-18.29.46:374][  0]LogConfig: Setting CVar [[r.VolumetricFog.GridSizeZ:128]]
[2019.05.13-18.29.46:374][  0]LogConfig: Setting CVar [[r.VolumetricFog.HistoryMissSupersampleCount:4]]
[2019.05.13-18.29.46:374][  0]LogConfig: Setting CVar [[r.LightMaxDrawDistanceScale:1]]
[2019.05.13-18.29.46:374][  0]LogConfig: Setting CVar [[r.CapsuleShadows:1]]
[2019.05.13-18.29.46:374][  0]LogConfig: Applying CVar settings from Section [PostProcessQuality@3] File [D:/Unreal Project Github/UnrealProject/MyProject/Saved/Config/Windows/Scalability.ini]
[2019.05.13-18.29.46:374][  0]LogConfig: Setting CVar [[r.MotionBlurQuality:4]]
[2019.05.13-18.29.46:374][  0]LogConfig: Setting CVar [[r.AmbientOcclusionMipLevelFactor:0.4]]
[2019.05.13-18.29.46:374][  0]LogConfig: Setting CVar [[r.AmbientOcclusionMaxQuality:100]]
[2019.05.13-18.29.46:374][  0]LogConfig: Setting CVar [[r.AmbientOcclusionLevels:-1]]
[2019.05.13-18.29.46:374][  0]LogConfig: Setting CVar [[r.AmbientOcclusionRadiusScale:1.0]]
[2019.05.13-18.29.46:374][  0]LogConfig: Setting CVar [[r.DepthOfFieldQuality:2]]
[2019.05.13-18.29.46:374][  0]LogConfig: Setting CVar [[r.RenderTargetPoolMin:400]]
[2019.05.13-18.29.46:374][  0]LogConfig: Setting CVar [[r.LensFlareQuality:2]]
[2019.05.13-18.29.46:374][  0]LogConfig: Setting CVar [[r.SceneColorFringeQuality:1]]
[2019.05.13-18.29.46:374][  0]LogConfig: Setting CVar [[r.EyeAdaptationQuality:2]]
[2019.05.13-18.29.46:374][  0]LogConfig: Setting CVar [[r.BloomQuality:5]]
[2019.05.13-18.29.46:374][  0]LogConfig: Setting CVar [[r.FastBlurThreshold:100]]
[2019.05.13-18.29.46:374][  0]LogConfig: Setting CVar [[r.Upscale.Quality:3]]
[2019.05.13-18.29.46:375][  0]LogConfig: Setting CVar [[r.Tonemapper.GrainQuantization:1]]
[2019.05.13-18.29.46:375][  0]LogConfig: Setting CVar [[r.LightShaftQuality:1]]
[2019.05.13-18.29.46:375][  0]LogConfig: Setting CVar [[r.Filter.SizeScale:1]]
[2019.05.13-18.29.46:375][  0]LogConfig: Setting CVar [[r.Tonemapper.Quality:5]]
[2019.05.13-18.29.46:375][  0]LogConfig: Setting CVar [[r.DOF.Gather.AccumulatorQuality:1        ; higher gathering accumulator quality]]
[2019.05.13-18.29.46:375][  0]LogConfig: Setting CVar [[r.DOF.Gather.PostfilterMethod:1          ; Median3x3 postfilering method]]
[2019.05.13-18.29.46:375][  0]LogConfig: Setting CVar [[r.DOF.Gather.EnableBokehSettings:0       ; no bokeh simulation when gathering]]
[2019.05.13-18.29.46:375][  0]LogConfig: Setting CVar [[r.DOF.Gather.RingCount:4                 ; medium number of samples when gathering]]
[2019.05.13-18.29.46:375][  0]LogConfig: Setting CVar [[r.DOF.Scatter.ForegroundCompositing:1    ; additive foreground scattering]]
[2019.05.13-18.29.46:375][  0]LogConfig: Setting CVar [[r.DOF.Scatter.BackgroundCompositing:2    ; additive background scattering]]
[2019.05.13-18.29.46:375][  0]LogConfig: Setting CVar [[r.DOF.Scatter.EnableBokehSettings:1      ; bokeh simulation when scattering]]
[2019.05.13-18.29.46:375][  0]LogConfig: Setting CVar [[r.DOF.Scatter.MaxSpriteRatio:0.1         ; only a maximum of 10% of scattered bokeh]]
[2019.05.13-18.29.46:375][  0]LogConfig: Setting CVar [[r.DOF.Recombine.Quality:1                ; cheap slight out of focus]]
[2019.05.13-18.29.46:375][  0]LogConfig: Setting CVar [[r.DOF.Recombine.EnableBokehSettings:0    ; no bokeh simulation on slight out of focus]]
[2019.05.13-18.29.46:375][  0]LogConfig: Setting CVar [[r.DOF.TemporalAAQuality:1                ; more stable temporal accumulation]]
[2019.05.13-18.29.46:375][  0]LogConfig: Setting CVar [[r.DOF.Kernel.MaxForegroundRadius:0.025]]
[2019.05.13-18.29.46:375][  0]LogConfig: Setting CVar [[r.DOF.Kernel.MaxBackgroundRadius:0.025]]
[2019.05.13-18.29.46:375][  0]LogConfig: Applying CVar settings from Section [TextureQuality@3] File [D:/Unreal Project Github/UnrealProject/MyProject/Saved/Config/Windows/Scalability.ini]
[2019.05.13-18.29.46:375][  0]LogConfig: Setting CVar [[r.Streaming.MipBias:0]]
[2019.05.13-18.29.46:375][  0]LogConfig: Setting CVar [[r.Streaming.AmortizeCPUToGPUCopy:0]]
[2019.05.13-18.29.46:375][  0]LogConfig: Setting CVar [[r.Streaming.MaxNumTexturesToStreamPerFrame:0]]
[2019.05.13-18.29.46:375][  0]LogConfig: Setting CVar [[r.Streaming.Boost:1]]
[2019.05.13-18.29.46:375][  0]LogConfig: Setting CVar [[r.MaxAnisotropy:8]]
[2019.05.13-18.29.46:375][  0]LogConfig: Setting CVar [[r.Streaming.LimitPoolSizeToVRAM:0]]
[2019.05.13-18.29.46:375][  0]LogConfig: Setting CVar [[r.Streaming.PoolSize:1000]]
[2019.05.13-18.29.46:375][  0]LogConfig: Setting CVar [[r.Streaming.MaxEffectiveScreenSize:0]]
[2019.05.13-18.29.46:375][  0]LogConfig: Applying CVar settings from Section [EffectsQuality@3] File [D:/Unreal Project Github/UnrealProject/MyProject/Saved/Config/Windows/Scalability.ini]
[2019.05.13-18.29.46:375][  0]LogConfig: Setting CVar [[r.TranslucencyLightingVolumeDim:64]]
[2019.05.13-18.29.46:375][  0]LogConfig: Setting CVar [[r.RefractionQuality:2]]
[2019.05.13-18.29.46:375][  0]LogConfig: Setting CVar [[r.SSR.Quality:3]]
[2019.05.13-18.29.46:375][  0]LogConfig: Setting CVar [[r.SceneColorFormat:4]]
[2019.05.13-18.29.46:375][  0]LogConfig: Setting CVar [[r.DetailMode:2]]
[2019.05.13-18.29.46:375][  0]LogConfig: Setting CVar [[r.TranslucencyVolumeBlur:1]]
[2019.05.13-18.29.46:375][  0]LogConfig: Setting CVar [[r.MaterialQualityLevel:1 ; High quality]]
[2019.05.13-18.29.46:375][  0]LogConfig: Setting CVar [[r.SSS.Scale:1]]
[2019.05.13-18.29.46:375][  0]LogConfig: Setting CVar [[r.SSS.SampleSet:2]]
[2019.05.13-18.29.46:375][  0]LogConfig: Setting CVar [[r.SSS.Quality:1]]
[2019.05.13-18.29.46:375][  0]LogConfig: Setting CVar [[r.SSS.HalfRes:1]]
[2019.05.13-18.29.46:375][  0]LogConfig: Setting CVar [[r.EmitterSpawnRateScale:1.0]]
[2019.05.13-18.29.46:375][  0]LogConfig: Setting CVar [[r.ParticleLightQuality:2]]
[2019.05.13-18.29.46:375][  0]LogConfig: Applying CVar settings from Section [FoliageQuality@3] File [D:/Unreal Project Github/UnrealProject/MyProject/Saved/Config/Windows/Scalability.ini]
[2019.05.13-18.29.46:375][  0]LogConfig: Setting CVar [[foliage.DensityScale:1.0]]
[2019.05.13-18.29.46:375][  0]LogConfig: Setting CVar [[grass.DensityScale:1.0]]
[2019.05.13-18.29.46:375][  0]LogConfig: Applying CVar settings from Section [Startup] File [../../../Engine/Config/ConsoleVariables.ini]
[2019.05.13-18.29.46:376][  0]LogConfig: Setting CVar [[net.UseAdaptiveNetUpdateFrequency:0]]
[2019.05.13-18.29.46:376][  0]LogConfig: Setting CVar [[p.chaos.AllowCreatePhysxBodies:1]]
[2019.05.13-18.29.46:376][  0]LogConfig: Applying CVar settings from Section [ConsoleVariables] File [D:/Unreal Project Github/UnrealProject/MyProject/Saved/Config/Windows/Engine.ini]
[2019.05.13-18.29.46:376][  0]LogInit: Computer: DESKTOP-H42IRM1
[2019.05.13-18.29.46:376][  0]LogInit: User: oscar
[2019.05.13-18.29.46:376][  0]LogInit: CPU Page size=4096, Cores=8
[2019.05.13-18.29.46:376][  0]LogInit: High frequency timer resolution =3.320316 MHz
[2019.05.13-18.29.46:376][  0]LogMemory: Memory total: Physical=16.0GB (16GB approx)
[2019.05.13-18.29.46:376][  0]LogMemory: Platform Memory Stats for Windows
[2019.05.13-18.29.46:376][  0]LogMemory: Process Physical Memory: 98.30 MB used, 98.30 MB peak
[2019.05.13-18.29.46:377][  0]LogMemory: Process Virtual Memory: 94.55 MB used, 94.55 MB peak
[2019.05.13-18.29.46:377][  0]LogMemory: Physical Memory: 6272.39 MB used,  10063.71 MB free, 16336.10 MB total
[2019.05.13-18.29.46:377][  0]LogMemory: Virtual Memory: 4697.41 MB used,  134213032.00 MB free, 134217728.00 MB total
[2019.05.13-18.29.46:407][  0]LogInit: Using OS detected language (en-US).
[2019.05.13-18.29.46:407][  0]LogInit: Using OS detected locale (en-US).
[2019.05.13-18.29.46:409][  0]LogTextLocalizationManager: No specific localization for 'en-US' exists, so the 'en' localization will be used.
[2019.05.13-18.29.46:602][  0]LogInit: Setting process to per monitor DPI aware
[2019.05.13-18.29.46:631][  0]LogSlate: New Slate User Created.  User Index 0, Is Virtual User: 0
[2019.05.13-18.29.46:631][  0]LogSlate: Slate User Registered.  User Index 0, Is Virtual User: 0
[2019.05.13-18.29.46:892][  0]LogHMD: Failed to initialize OpenVR with code 110
[2019.05.13-18.29.46:892][  0]LogD3D11RHI: D3D11 adapters:
[2019.05.13-18.29.47:018][  0]LogD3D11RHI:    0. 'NVIDIA GeForce GTX 1060 6GB' (Feature Level 11_0)
[2019.05.13-18.29.47:018][  0]LogD3D11RHI:       6052/0/8168 MB DedicatedVideo/DedicatedSystem/SharedSystem, Outputs:1, VendorId:0x10de
[2019.05.13-18.29.47:021][  0]LogD3D11RHI:    1. 'Microsoft Basic Render Driver' (Feature Level 11_0)
[2019.05.13-18.29.47:021][  0]LogD3D11RHI:       0/0/8168 MB DedicatedVideo/DedicatedSystem/SharedSystem, Outputs:0, VendorId:0x1414
[2019.05.13-18.29.47:021][  0]LogD3D11RHI: Chosen D3D11 Adapter: 0
[2019.05.13-18.29.47:033][  0]LogD3D11RHI: Creating new Direct3DDevice
[2019.05.13-18.29.47:033][  0]LogD3D11RHI:     GPU DeviceId: 0x1c03 (for the marketing name, search the web for "GPU Device Id")
[2019.05.13-18.29.47:033][  0]LogWindows: EnumDisplayDevices:
[2019.05.13-18.29.47:034][  0]LogWindows:    0. 'NVIDIA GeForce GTX 1060 6GB' (P:1 D:1)
[2019.05.13-18.29.47:034][  0]LogWindows:    1. 'NVIDIA GeForce GTX 1060 6GB' (P:0 D:0)
[2019.05.13-18.29.47:034][  0]LogWindows:    2. 'NVIDIA GeForce GTX 1060 6GB' (P:0 D:0)
[2019.05.13-18.29.47:035][  0]LogWindows:    3. 'NVIDIA GeForce GTX 1060 6GB' (P:0 D:0)
[2019.05.13-18.29.47:035][  0]LogWindows: DebugString: FoundDriverCount:4 
[2019.05.13-18.29.47:035][  0]LogD3D11RHI:     Adapter Name: NVIDIA GeForce GTX 1060 6GB
[2019.05.13-18.29.47:035][  0]LogD3D11RHI:   Driver Version: 419.17 (internal:25.21.14.1917, unified:419.17)
[2019.05.13-18.29.47:035][  0]LogD3D11RHI:      Driver Date: 2-20-2019
[2019.05.13-18.29.47:035][  0]LogRHI: Texture pool is 4236 MB (70% of 6052 MB)
[2019.05.13-18.29.47:102][  0]LogD3D11RHI: Async texture creation enabled
[2019.05.13-18.29.47:106][  0]LogRendererCore: FGlobalReadBuffer::InitRHI
[2019.05.13-18.29.47:106][  0]LogRendererCore: FGlobalReadBuffer::InitRHI
[2019.05.13-18.29.47:106][  0]LogRendererCore: FGlobalReadBuffer::InitRHI
[2019.05.13-18.29.47:115][  0]LogD3D11RHI: GPU Timing Frequency: 1000.000000 (Debug: 2 1)
[2019.05.13-18.29.47:416][  0]LogTemp: Display: Module 'AllDesktopTargetPlatform' loaded TargetPlatform 'AllDesktop'
[2019.05.13-18.29.47:441][  0]LogTemp: Display: Module 'MacClientTargetPlatform' loaded TargetPlatform 'MacClient'
[2019.05.13-18.29.47:465][  0]LogTemp: Display: Module 'MacNoEditorTargetPlatform' loaded TargetPlatform 'MacNoEditor'
[2019.05.13-18.29.47:483][  0]LogTemp: Display: Module 'MacServerTargetPlatform' loaded TargetPlatform 'MacServer'
[2019.05.13-18.29.47:499][  0]LogTemp: Display: Module 'MacTargetPlatform' loaded TargetPlatform 'Mac'
[2019.05.13-18.29.47:515][  0]LogTemp: Display: Module 'WindowsClientTargetPlatform' loaded TargetPlatform 'WindowsClient'
[2019.05.13-18.29.47:531][  0]LogTemp: Display: Module 'WindowsNoEditorTargetPlatform' loaded TargetPlatform 'WindowsNoEditor'
[2019.05.13-18.29.47:547][  0]LogTemp: Display: Module 'WindowsServerTargetPlatform' loaded TargetPlatform 'WindowsServer'
[2019.05.13-18.29.47:554][  0]LogTemp: Display: Module 'WindowsTargetPlatform' loaded TargetPlatform 'Windows'
[2019.05.13-18.29.47:654][  0]LogTemp: Display: Module 'AndroidTargetPlatform' loaded TargetPlatform 'Android'
[2019.05.13-18.29.47:654][  0]LogTemp: Display: Module 'AndroidTargetPlatform' loaded TargetPlatform 'Android_ASTC'
[2019.05.13-18.29.47:654][  0]LogTemp: Display: Module 'AndroidTargetPlatform' loaded TargetPlatform 'Android_ATC'
[2019.05.13-18.29.47:654][  0]LogTemp: Display: Module 'AndroidTargetPlatform' loaded TargetPlatform 'Android_DXT'
[2019.05.13-18.29.47:654][  0]LogTemp: Display: Module 'AndroidTargetPlatform' loaded TargetPlatform 'Android_ETC1'
[2019.05.13-18.29.47:654][  0]LogTemp: Display: Module 'AndroidTargetPlatform' loaded TargetPlatform 'Android_ETC1a'
[2019.05.13-18.29.47:654][  0]LogTemp: Display: Module 'AndroidTargetPlatform' loaded TargetPlatform 'Android_ETC2'
[2019.05.13-18.29.47:654][  0]LogTemp: Display: Module 'AndroidTargetPlatform' loaded TargetPlatform 'Android_PVRTC'
[2019.05.13-18.29.47:654][  0]LogTemp: Display: Module 'AndroidTargetPlatform' loaded TargetPlatform 'AndroidClient'
[2019.05.13-18.29.47:654][  0]LogTemp: Display: Module 'AndroidTargetPlatform' loaded TargetPlatform 'Android_ASTCClient'
[2019.05.13-18.29.47:654][  0]LogTemp: Display: Module 'AndroidTargetPlatform' loaded TargetPlatform 'Android_ATCClient'
[2019.05.13-18.29.47:654][  0]LogTemp: Display: Module 'AndroidTargetPlatform' loaded TargetPlatform 'Android_DXTClient'
[2019.05.13-18.29.47:654][  0]LogTemp: Display: Module 'AndroidTargetPlatform' loaded TargetPlatform 'Android_ETC1Client'
[2019.05.13-18.29.47:654][  0]LogTemp: Display: Module 'AndroidTargetPlatform' loaded TargetPlatform 'Android_ETC1aClient'
[2019.05.13-18.29.47:654][  0]LogTemp: Display: Module 'AndroidTargetPlatform' loaded TargetPlatform 'Android_ETC2Client'
[2019.05.13-18.29.47:654][  0]LogTemp: Display: Module 'AndroidTargetPlatform' loaded TargetPlatform 'Android_PVRTCClient'
[2019.05.13-18.29.47:654][  0]LogTemp: Display: Module 'AndroidTargetPlatform' loaded TargetPlatform 'Android_Multi'
[2019.05.13-18.29.47:654][  0]LogTemp: Display: Module 'AndroidTargetPlatform' loaded TargetPlatform 'Android_MultiClient'
[2019.05.13-18.29.47:656][  0]LogTemp: Display: Module 'HTML5TargetPlatform' loaded TargetPlatform 'HTML5'
[2019.05.13-18.29.47:718][  0]LogTemp: Display: Module 'IOSTargetPlatform' loaded TargetPlatform 'IOSClient'
[2019.05.13-18.29.47:718][  0]LogTemp: Display: Module 'IOSTargetPlatform' loaded TargetPlatform 'IOS'
[2019.05.13-18.29.47:765][  0]LogTemp: Display: Module 'TVOSTargetPlatform' loaded TargetPlatform 'TVOSClient'
[2019.05.13-18.29.47:765][  0]LogTemp: Display: Module 'TVOSTargetPlatform' loaded TargetPlatform 'TVOS'
[2019.05.13-18.29.47:786][  0]LogTemp: Display: Module 'LinuxClientTargetPlatform' loaded TargetPlatform 'LinuxClient'
[2019.05.13-18.29.47:808][  0]LogTemp: Display: Module 'LinuxNoEditorTargetPlatform' loaded TargetPlatform 'LinuxNoEditor'
[2019.05.13-18.29.47:826][  0]LogTemp: Display: Module 'LinuxServerTargetPlatform' loaded TargetPlatform 'LinuxServer'
[2019.05.13-18.29.47:852][  0]LogTemp: Display: Module 'LinuxTargetPlatform' loaded TargetPlatform 'Linux'
[2019.05.13-18.29.47:909][  0]LogTemp: Display: Module 'LuminTargetPlatform' loaded TargetPlatform 'Lumin'
[2019.05.13-18.29.47:909][  0]LogTemp: Display: Module 'LuminTargetPlatform' loaded TargetPlatform 'LuminClient'
[2019.05.13-18.29.47:910][  0]LogTargetPlatformManager: Display: Building Assets For Windows
[2019.05.13-18.29.47:923][  0]LogAudioDebug: Display: Lib vorbis DLL was dynamically loaded.
[2019.05.13-18.29.47:982][  0]LogShaderCompilers: Guid format shader working directory is -12 characters bigger than the processId version (../../../../Unreal Project Github/UnrealProject/MyProject/Intermediate/Shaders/WorkingDirectory/12576/).
[2019.05.13-18.29.47:982][  0]LogShaderCompilers: Cleaned the shader compiler working directory 'C:/Users/oscar/AppData/Local/Temp/UnrealShaderWorkingDir/A99E844E4D532F9D6143E2AA2E04E7B8/'.
[2019.05.13-18.29.47:987][  0]LogXGEController: Cannot use XGE Controller as Incredibuild is not installed on this machine.
[2019.05.13-18.29.47:987][  0]LogShaderCompilers: Cannot use XGE Shader Compiler as Incredibuild is not installed on this machine.
[2019.05.13-18.29.47:987][  0]LogShaderCompilers: Display: Using Local Shader Compiler.
[2019.05.13-18.29.48:733][  0]LogDerivedDataCache: Display: Max Cache Size: 512 MB
[2019.05.13-18.29.48:780][  0]LogDerivedDataCache: Loaded boot cache 0.05s 71MB C:/Users/oscar/AppData/Local/UnrealEngine/4.22/DerivedDataCache/Boot.ddc.
[2019.05.13-18.29.48:780][  0]LogDerivedDataCache: Display: Loaded Boot cache: C:/Users/oscar/AppData/Local/UnrealEngine/4.22/DerivedDataCache/Boot.ddc
[2019.05.13-18.29.48:780][  0]LogDerivedDataCache: FDerivedDataBackendGraph:  Pak pak cache file ../../../../Unreal Project Github/UnrealProject/MyProject/DerivedDataCache/DDC.ddp not found, will not use a pak cache.
[2019.05.13-18.29.48:780][  0]LogDerivedDataCache: Unable to find inner node Pak for hierarchical cache Hierarchy.
[2019.05.13-18.29.48:780][  0]LogDerivedDataCache: FDerivedDataBackendGraph:  CompressedPak pak cache file ../../../../Unreal Project Github/UnrealProject/MyProject/DerivedDataCache/Compressed.ddp not found, will not use a pak cache.
[2019.05.13-18.29.48:780][  0]LogDerivedDataCache: Unable to find inner node CompressedPak for hierarchical cache Hierarchy.
[2019.05.13-18.29.48:799][  0]LogDerivedDataCache: Display: Pak cache opened for reading ../../../Engine/DerivedDataCache/Compressed.ddp.
[2019.05.13-18.29.48:799][  0]LogDerivedDataCache: FDerivedDataBackendGraph:  EnterprisePak pak cache file ../../../Enterprise/DerivedDataCache/Compressed.ddp not found, will not use a pak cache.
[2019.05.13-18.29.48:799][  0]LogDerivedDataCache: Unable to find inner node EnterprisePak for hierarchical cache Hierarchy.
[2019.05.13-18.29.48:811][  0]LogDerivedDataCache: Using Local data cache path C:/Users/oscar/AppData/Local/UnrealEngine/Common/DerivedDataCache: Writable
[2019.05.13-18.29.48:811][  0]LogDerivedDataCache: Shared data cache path not found in *engine.ini, will not use an Shared cache.
[2019.05.13-18.29.48:811][  0]LogDerivedDataCache: Unable to find inner node Shared for hierarchical cache Hierarchy.
[2019.05.13-18.29.48:843][  0]LogMaterial: Verifying Global Shaders for PCD3D_SM5
[2019.05.13-18.29.48:845][  0]LogSlate: Using FreeType 2.6.0
[2019.05.13-18.29.48:846][  0]LogSlate: SlateFontServices - WITH_FREETYPE: 1, WITH_HARFBUZZ: 1
[2019.05.13-18.29.48:973][  0]LogAssetRegistry: FAssetRegistry took 0.0450 seconds to start up
[2019.05.13-18.29.49:405][  0]LogInit: Selected Device Profile: [Windows]
[2019.05.13-18.29.49:558][  0]LogMeshReduction: Using QuadricMeshReduction for automatic static mesh reduction
[2019.05.13-18.29.49:558][  0]LogMeshReduction: Using SimplygonMeshReduction for automatic skeletal mesh reduction
[2019.05.13-18.29.49:558][  0]LogMeshReduction: Using ProxyLODMeshReduction for automatic mesh merging
[2019.05.13-18.29.49:558][  0]LogMeshReduction: No distributed automatic mesh merging module available
[2019.05.13-18.29.49:558][  0]LogMeshMerging: No distributed automatic mesh merging module available
[2019.05.13-18.29.49:580][  0]LogNetVersion: MyProject 1.0.0, NetCL: 5660361, EngineNetVer: 10, GameNetVer: 0 (Checksum: 2788865488)
[2019.05.13-18.29.50:061][  0]LogPackageLocalizationCache: Processed 10 localized package path(s) for 1 prioritized culture(s) in 0.055919 seconds
[2019.05.13-18.29.50:076][  0]LogUObjectArray: 42205 objects as part of root set at end of initial load.
[2019.05.13-18.29.50:076][  0]LogUObjectAllocator: 7325032 out of 0 bytes used by permanent object pool.
[2019.05.13-18.29.50:076][  0]LogUObjectArray: CloseDisregardForGC: 0/0 objects in disregard for GC pool
[2019.05.13-18.29.51:135][  0]LogTcpMessaging: Initializing TcpMessaging bridge
[2019.05.13-18.29.51:173][  0]LogUdpMessaging: Initializing bridge on interface 0.0.0.0:0 to multicast group 230.0.0.1:6666.
[2019.05.13-18.29.51:305][  0]SourceControl: Source control is disabled
[2019.05.13-18.29.51:305][  0]SourceControl: Source control is disabled
[2019.05.13-18.29.51:307][  0]SourceControl: Source control is disabled
[2019.05.13-18.29.51:308][  0]SourceControl: Source control is disabled
[2019.05.13-18.29.51:400][  0]LogAndroidPermission: UAndroidPermissionCallbackProxy::GetInstance
[2019.05.13-18.29.51:463][  0]LogOcInput: OculusInput pre-init called
[2019.05.13-18.29.52:364][  0]LogEngine: Initializing Engine...
[2019.05.13-18.29.52:365][  0]LogHMD: Failed to initialize OpenVR with code 110
[2019.05.13-18.29.52:367][  0]LogStats: UGameplayTagsManager::InitializeManager -  0.000 s
[2019.05.13-18.29.52:606][  0]LogInit: Initializing FReadOnlyCVARCache
[2019.05.13-18.29.52:620][  0]LogAIModule: Creating AISystem for world Untitled
[2019.05.13-18.29.52:626][  0]LogInit: XAudio2 using 'Headphones (High Definition Audio Device)' : 2 channels at 48 kHz using 16 bits per sample (channel mask 0x3)
[2019.05.13-18.29.52:667][  0]LogInit: FAudioDevice initialized.
[2019.05.13-18.29.52:667][  0]LogNetVersion: Set ProjectVersion to 1.0.0.0. Version Checksum will be recalculated on next use.
[2019.05.13-18.29.52:823][  0]LogDerivedDataCache: Saved boot cache 0.16s 71MB C:/Users/oscar/AppData/Local/UnrealEngine/4.22/DerivedDataCache/Boot.ddc.
[2019.05.13-18.29.52:835][  0]LogInit: Texture streaming: Enabled
[2019.05.13-18.29.52:854][  0]LogEngineSessionManager: EngineSessionManager initialized
[2019.05.13-18.29.52:883][  0]LogInit: Transaction tracking system initialized
[2019.05.13-18.29.52:903][  0]BlueprintLog: New page: Editor Load
[2019.05.13-18.29.53:035][  0]LocalizationService: Localization service is disabled
[2019.05.13-18.29.53:402][  0]LogFileCache: Scanning file cache for directory 'D:/Unreal Project Github/UnrealProject/MyProject/Content/' took 0.01s
[2019.05.13-18.29.53:402][  0]LogCook: Display: Max memory allowance for cook 16384mb min free memory 0mb
[2019.05.13-18.29.53:402][  0]LogCook: Display: Mobile HDR setting 1
[2019.05.13-18.29.53:618][  0]SourceControl: Source control is disabled
[2019.05.13-18.29.53:619][  0]Cmd: MAP LOAD FILE="../../../../Unreal Project Github/UnrealProject/MyProject/Content/FirstPersonBP/Maps/FirstPersonExampleMap.umap" TEMPLATE=0 SHOWPROGRESS=1 FEATURELEVEL=3
[2019.05.13-18.29.53:619][  0]LightingResults: New page: Lighting Build
[2019.05.13-18.29.53:621][  0]MapCheck: New page: Map Check
[2019.05.13-18.29.53:621][  0]LightingResults: New page: Lighting Build
[2019.05.13-18.29.53:662][  0]LogUObjectHash: Compacting FUObjectHashTables data took   2.17ms
[2019.05.13-18.29.55:513][  0]LogTexture: Display: Building textures: HQ_Lightmap1_5 (AutoDXT, 64X64)
[2019.05.13-18.29.55:513][  0]LogTexture: Display: Building textures: LQ_Lightmap_1_5 (DXT1, 64X64)
[2019.05.13-18.29.55:513][  0]LogTexture: Display: Building textures: SkyOcclusion1_5 (AutoDXT, 64X32)
[2019.05.13-18.29.55:513][  0]LogTexture: Display: Building textures: ShadowMapTexture2D_10 (G8, 1024X1024)
[2019.05.13-18.29.55:513][  0]LogTexture: Display: Building textures: ShadowMapTexture2D_11 (G8, 1024X1024)
[2019.05.13-18.29.55:513][  0]LogTexture: Display: Building textures: SkyOcclusion1_4 (AutoDXT, 2048X1024)
[2019.05.13-18.29.55:513][  0]LogTexture: Display: Building textures: SkyOcclusion1_3 (AutoDXT, 2048X1024)
[2019.05.13-18.29.55:513][  0]LogTexture: Display: Building textures: SkyOcclusion1_1 (AutoDXT, 2048X1024)
[2019.05.13-18.29.55:513][  0]LogTexture: Display: Building textures: SkyOcclusion1_2 (AutoDXT, 2048X1024)
[2019.05.13-18.29.55:513][  0]LogTexture: Display: Building textures: LQ_Lightmap_1_1 (DXT1, 2048X2048)
[2019.05.13-18.29.55:513][  0]LogTexture: Display: Building textures: LQ_Lightmap_1_3 (DXT1, 2048X2048)
[2019.05.13-18.29.55:513][  0]LogTexture: Display: Building textures: ShadowMapTexture2D_12 (G8, 1024X1024)
[2019.05.13-18.29.55:513][  0]LogTexture: Display: Building textures: LQ_Lightmap_1_2 (DXT1, 2048X2048)
[2019.05.13-18.29.55:513][  0]LogTexture: Display: Building textures: HQ_Lightmap1_1 (AutoDXT, 2048X2048)
[2019.05.13-18.29.55:513][  0]LogTexture: Display: Building textures: ShadowMapTexture2D_13 (G8, 1024X1024)
[2019.05.13-18.29.55:513][  0]LogTexture: Display: Building textures: HQ_Lightmap1_3 (AutoDXT, 2048X2048)
[2019.05.13-18.29.55:513][  0]LogTexture: Display: Building textures: HQ_Lightmap1_4 (AutoDXT, 2048X2048)
[2019.05.13-18.29.55:513][  0]LogTexture: Display: Building textures: HQ_Lightmap1_2 (AutoDXT, 2048X2048)
[2019.05.13-18.29.55:513][  0]LogTexture: Display: Building textures: LQ_Lightmap_1_4 (DXT1, 2048X2048)
[2019.05.13-18.29.55:513][  0]LogTexture: Display: Building textures: ShadowMapTexture2D_15 (G8, 32X32)
[2019.05.13-18.29.55:513][  0]LogTexture: Display: Building textures: ShadowMapTexture2D_14 (G8, 1024X1024)
[2019.05.13-18.29.55:513][  0]LogTexture: Display: Building textures: ShadowMapTexture2D_8 (G8, 1024X1024)
[2019.05.13-18.29.55:513][  0]LogTexture: Display: Building textures: ShadowMapTexture2D_9 (G8, 1024X1024)
[2019.05.13-18.29.55:515][  0]LogAIModule: Creating AISystem for world FirstPersonExampleMap
[2019.05.13-18.29.55:567][  0]LogEditorServer: Finished looking for orphan Actors (0.000 secs)
[2019.05.13-18.29.55:614][  0]LogUObjectHash: Compacting FUObjectHashTables data took   2.55ms
[2019.05.13-18.29.55:614][  0]Cmd: MAP CHECKDEP NOCLEARLOG
[2019.05.13-18.29.55:614][  0]MapCheck: Map check complete: 0 Error(s), 0 Warning(s), took 0.158ms to complete.
[2019.05.13-18.29.55:614][  0]LogFileHelpers: Loading map 'FirstPersonExampleMap' took 1.996
[2019.05.13-18.29.55:796][  0]LogSlate: Updating window title bar state: overlay mode, drag disabled, window buttons hidden, title bar hidden
[2019.05.13-18.29.55:804][  0]LogSlate: Updating window title bar state: overlay mode, drag disabled, window buttons hidden, title bar hidden
[2019.05.13-18.29.55:811][  0]LogSlate: Updating window title bar state: overlay mode, drag disabled, window buttons hidden, title bar hidden
[2019.05.13-18.29.55:819][  0]LogSlate: Updating window title bar state: overlay mode, drag disabled, window buttons hidden, title bar hidden
[2019.05.13-18.29.55:851][  0]LogCollectionManager: Loaded 0 collections in 0.001616 seconds
[2019.05.13-18.29.55:885][  0]LogFileCache: Scanning file cache for directory 'D:/Unreal Project Github/UnrealProject/MyProject/Saved/Collections/' took 0.01s
[2019.05.13-18.29.55:885][  0]LogFileCache: Scanning file cache for directory 'D:/Unreal Project Github/UnrealProject/MyProject/Content/Developers/oscar/Collections/' took 0.01s
[2019.05.13-18.29.55:885][  0]LogFileCache: Scanning file cache for directory 'D:/Unreal Project Github/UnrealProject/MyProject/Content/Collections/' took 0.00s
[2019.05.13-18.29.55:885][  0]LogCollectionManager: Rebuilt the GUID cache for 0 collections in 0.000000 seconds
[2019.05.13-18.29.55:902][  0]LogContentBrowser: Native class hierarchy populated in 0.0167 seconds. Added 2732 classes and 659 folders.
[2019.05.13-18.29.55:908][  0]LogContentBrowser: Native class hierarchy updated for 'WidgetCarousel' in 0.0003 seconds. Added 0 classes and 0 folders.
[2019.05.13-18.29.55:910][  0]LogPakFile: Registered encryption key '00000000000000000000000000000000': 0 pak files mounted, 0 remain pending
[2019.05.13-18.29.55:911][  0]LogPakFile: Registered encryption key '00000000000000000000000000000000': 0 pak files mounted, 0 remain pending
[2019.05.13-18.29.55:911][  0]LogPakFile: Registered encryption key '00000000000000000000000000000000': 0 pak files mounted, 0 remain pending
[2019.05.13-18.29.55:912][  0]LogPakFile: Registered encryption key '00000000000000000000000000000000': 0 pak files mounted, 0 remain pending
[2019.05.13-18.29.55:913][  0]LogPakFile: Registered encryption key '00000000000000000000000000000000': 0 pak files mounted, 0 remain pending
[2019.05.13-18.29.55:913][  0]LogPakFile: Registered encryption key '00000000000000000000000000000000': 0 pak files mounted, 0 remain pending
[2019.05.13-18.29.55:914][  0]LogPakFile: Registered encryption key '00000000000000000000000000000000': 0 pak files mounted, 0 remain pending
[2019.05.13-18.29.55:915][  0]LogPakFile: Registered encryption key '00000000000000000000000000000000': 0 pak files mounted, 0 remain pending
[2019.05.13-18.29.55:915][  0]LogPakFile: Registered encryption key '00000000000000000000000000000000': 0 pak files mounted, 0 remain pending
[2019.05.13-18.29.55:916][  0]LogPakFile: Registered encryption key '00000000000000000000000000000000': 0 pak files mounted, 0 remain pending
[2019.05.13-18.29.55:917][  0]LogPakFile: Registered encryption key '00000000000000000000000000000000': 0 pak files mounted, 0 remain pending
[2019.05.13-18.29.55:917][  0]LogPakFile: Registered encryption key '00000000000000000000000000000000': 0 pak files mounted, 0 remain pending
[2019.05.13-18.29.55:918][  0]LogPakFile: Registered encryption key '00000000000000000000000000000000': 0 pak files mounted, 0 remain pending
[2019.05.13-18.29.55:918][  0]LogPakFile: Registered encryption key '00000000000000000000000000000000': 0 pak files mounted, 0 remain pending
[2019.05.13-18.29.55:919][  0]LogPakFile: Registered encryption key '00000000000000000000000000000000': 0 pak files mounted, 0 remain pending
[2019.05.13-18.29.55:920][  0]LogPakFile: Registered encryption key '00000000000000000000000000000000': 0 pak files mounted, 0 remain pending
[2019.05.13-18.29.55:920][  0]LogPakFile: Registered encryption key '00000000000000000000000000000000': 0 pak files mounted, 0 remain pending
[2019.05.13-18.29.55:921][  0]LogPakFile: Registered encryption key '00000000000000000000000000000000': 0 pak files mounted, 0 remain pending
[2019.05.13-18.29.55:922][  0]LogPakFile: Registered encryption key '00000000000000000000000000000000': 0 pak files mounted, 0 remain pending
[2019.05.13-18.29.55:922][  0]LogPakFile: Registered encryption key '00000000000000000000000000000000': 0 pak files mounted, 0 remain pending
[2019.05.13-18.29.55:923][  0]LogPakFile: Registered encryption key '00000000000000000000000000000000': 0 pak files mounted, 0 remain pending
[2019.05.13-18.29.55:924][  0]LogPakFile: Registered encryption key '00000000000000000000000000000000': 0 pak files mounted, 0 remain pending
[2019.05.13-18.29.55:924][  0]LogPakFile: Registered encryption key '00000000000000000000000000000000': 0 pak files mounted, 0 remain pending
[2019.05.13-18.29.55:925][  0]LogPakFile: Registered encryption key '00000000000000000000000000000000': 0 pak files mounted, 0 remain pending
[2019.05.13-18.29.55:926][  0]LogPakFile: Registered encryption key '00000000000000000000000000000000': 0 pak files mounted, 0 remain pending
[2019.05.13-18.29.55:926][  0]LogPakFile: Registered encryption key '00000000000000000000000000000000': 0 pak files mounted, 0 remain pending
[2019.05.13-18.29.55:973][  0]LogContentBrowser: Native class hierarchy updated for 'AddContentDialog' in 0.0003 seconds. Added 0 classes and 0 folders.
[2019.05.13-18.29.55:981][  0]LogSlate: Took 0.000383 seconds to synchronously load lazily loaded font '../../../Engine/Content/Slate/Fonts/Roboto-Regular.ttf' (155K)
[2019.05.13-18.29.55:984][  0]LogSlate: Took 0.000407 seconds to synchronously load lazily loaded font '../../../Engine/Content/Slate/Fonts/Roboto-Bold.ttf' (160K)
[2019.05.13-18.29.56:003][  0]LogSlate: Took 0.009456 seconds to synchronously load lazily loaded font '../../../Engine/Content/Editor/Slate/Fonts/FontAwesome.ttf' (139K)
[2019.05.13-18.29.56:126][  0]LogRenderer: Reallocating scene render targets to support 1516x572 Format 10 NumSamples 1 (Frame:1).
[2019.05.13-18.29.56:248][  0]LogContentBrowser: Native class hierarchy updated for 'HierarchicalLODOutliner' in 0.0004 seconds. Added 0 classes and 0 folders.
[2019.05.13-18.29.56:248][  0]LogLoad: (Engine Initialization) Total time: 12.76 seconds
[2019.05.13-18.29.56:248][  0]LogLoad: (Engine Initialization) Total Blueprint compile time: 0.00 seconds
[2019.05.13-18.29.56:287][  0]LogContentStreaming: Texture pool size now 1000 MB
[2019.05.13-18.29.56:305][  0]LogSlate: Took 0.000255 seconds to synchronously load lazily loaded font '../../../Engine/Content/Slate/Fonts/Roboto-Light.ttf' (167K)
[2019.05.13-18.30.04:859][859]LogAssetRegistry: Asset discovery search completed in 15.9088 seconds
[2019.05.13-18.30.04:863][859]LogCollectionManager: Rebuilt the object cache for 0 collections in 0.000001 seconds (found 0 objects)
[2019.05.13-18.30.04:863][859]LogCollectionManager: Fixed up redirectors for 0 collections in 0.000084 seconds (updated 0 objects)
